Determining if the pthread_create exist failed with the following output:
Change Dir: /home/ajiang2/RSP/catkin_ws/moving_catkin/build/CMakeFiles/CMakeTmp

Run Build Command:"/usr/bin/make" "cmTC_edeae/fast"
/usr/bin/make -f CMakeFiles/cmTC_edeae.dir/build.make CMakeFiles/cmTC_edeae.dir/build
make[1]: Entering directory '/home/ajiang2/RSP/catkin_ws/moving_catkin/build/CMakeFiles/CMakeTmp'
Building C object CMakeFiles/cmTC_edeae.dir/CheckSymbolExists.c.o
/usr/bin/cc     -o CMakeFiles/cmTC_edeae.dir/CheckSymbolExists.c.o   -c /home/ajiang2/RSP/catkin_ws/moving_catkin/build/CMakeFiles/CMakeTmp/CheckSymbolExists.c
Linking C executable cmTC_edeae
/usr/bin/cmake -E cmake_link_script CMakeFiles/cmTC_edeae.dir/link.txt --verbose=1
/usr/bin/cc       CMakeFiles/cmTC_edeae.dir/CheckSymbolExists.c.o  -o cmTC_edeae -rdynamic 
CMakeFiles/cmTC_edeae.dir/CheckSymbolExists.c.o: In function `main':
CheckSymbolExists.c:(.text+0x16): undefined reference to `pthread_create'
collect2: error: ld returned 1 exit status
CMakeFiles/cmTC_edeae.dir/build.make:97: recipe for target 'cmTC_edeae' failed
make[1]: *** [cmTC_edeae] Error 1
make[1]: Leaving directory '/home/ajiang2/RSP/catkin_ws/moving_catkin/build/CMakeFiles/CMakeTmp'
Makefile:126: recipe for target 'cmTC_edeae/fast' failed
make: *** [cmTC_edeae/fast] Error 2

File /home/ajiang2/RSP/catkin_ws/moving_catkin/build/CMakeFiles/CMakeTmp/CheckSymbolExists.c:
/* */
#include <pthread.h>

int main(int argc, char** argv)
{
  (void)argv;
#ifndef pthread_create
  return ((int*)(&pthread_create))[argc];
#else
  (void)argc;
  return 0;
#endif
}

Determining if the function pthread_create exists in the pthreads failed with the following output:
Change Dir: /home/ajiang2/RSP/catkin_ws/moving_catkin/build/CMakeFiles/CMakeTmp

Run Build Command:"/usr/bin/make" "cmTC_50331/fast"
/usr/bin/make -f CMakeFiles/cmTC_50331.dir/build.make CMakeFiles/cmTC_50331.dir/build
make[1]: Entering directory '/home/ajiang2/RSP/catkin_ws/moving_catkin/build/CMakeFiles/CMakeTmp'
Building C object CMakeFiles/cmTC_50331.dir/CheckFunctionExists.c.o
/usr/bin/cc    -DCHECK_FUNCTION_EXISTS=pthread_create   -o CMakeFiles/cmTC_50331.dir/CheckFunctionExists.c.o   -c /usr/share/cmake-3.5/Modules/CheckFunctionExists.c
Linking C executable cmTC_50331
/usr/bin/cmake -E cmake_link_script CMakeFiles/cmTC_50331.dir/link.txt --verbose=1
/usr/bin/cc   -DCHECK_FUNCTION_EXISTS=pthread_create    CMakeFiles/cmTC_50331.dir/CheckFunctionExists.c.o  -o cmTC_50331 -rdynamic -lpthreads 
/usr/bin/ld: cannot find -lpthreads
collect2: error: ld returned 1 exit status
CMakeFiles/cmTC_50331.dir/build.make:97: recipe for target 'cmTC_50331' failed
make[1]: *** [cmTC_50331] Error 1
make[1]: Leaving directory '/home/ajiang2/RSP/catkin_ws/moving_catkin/build/CMakeFiles/CMakeTmp'
Makefile:126: recipe for target 'cmTC_50331/fast' failed
make: *** [cmTC_50331/fast] Error 2


